[ 2016-10-09T19:31:40+08:00 ] 127.0.0.1 /beacon.js
INFO: [ app_init ] --START--
INFO: Run Behavior\BuildLiteBehavior [ RunTime:0.000016s ]
INFO: [ app_init ] --END-- [ RunTime:0.000159s ]
ERR: 无法加载模块:Beacon
NOTIC: [2] include(MODULE_PATHView/Public/exception.html): failed to open stream: No such file or directory D:\xampp\htdocs\6hc\ThinkPHP\Library\Think\Think.class.php 第 314 行.
NOTIC: [2] include(): Failed opening 'MODULE_PATHView/Public/exception.html' for inclusion (include_path='.;C:\php\pear') D:\xampp\htdocs\6hc\ThinkPHP\Library\Think\Think.class.php 第 314 行.

[ 2016-10-09T19:32:12+08:00 ] 127.0.0.1 /beacon.js
INFO: [ app_init ] --START--
INFO: Run Behavior\BuildLiteBehavior [ RunTime:0.000026s ]
INFO: [ app_init ] --END-- [ RunTime:0.000468s ]
ERR: 无法加载模块:Beacon
NOTIC: [2] include(MODULE_PATHView/Public/exception.html): failed to open stream: No such file or directory D:\xampp\htdocs\6hc\ThinkPHP\Library\Think\Think.class.php 第 314 行.
NOTIC: [2] include(): Failed opening 'MODULE_PATHView/Public/exception.html' for inclusion (include_path='.;C:\php\pear') D:\xampp\htdocs\6hc\ThinkPHP\Library\Think\Think.class.php 第 314 行.

[ 2016-10-09T19:32:16+08:00 ] 127.0.0.1 /beacon.js
INFO: [ app_init ] --START--
INFO: Run Behavior\BuildLiteBehavior [ RunTime:0.000016s ]
INFO: [ app_init ] --END-- [ RunTime:0.000094s ]
ERR: 无法加载模块:Beacon
NOTIC: [2] include(MODULE_PATHView/Public/exception.html): failed to open stream: No such file or directory D:\xampp\htdocs\6hc\ThinkPHP\Library\Think\Think.class.php 第 314 行.
NOTIC: [2] include(): Failed opening 'MODULE_PATHView/Public/exception.html' for inclusion (include_path='.;C:\php\pear') D:\xampp\htdocs\6hc\ThinkPHP\Library\Think\Think.class.php 第 314 行.

